# JRE version: Java(TM) SE Runtime Environment (8.0_181-b13) (build 1.8.0_181-b13)
# Java VM: Java HotSpot(TM) 64-Bit Server VM (25.181-b13 mixed mode windows-amd64 compressed oops)
Heap:
 PSYoungGen      total 475136K, used 346624K [0x00000000d5580000, 0x0000000100000000, 0x0000000100000000)
  eden space 346624K, 100% used [0x00000000d5580000,0x00000000ea800000,0x00000000ea800000)
  from space 128512K, 0% used [0x00000000f8280000,0x00000000f8280000,0x0000000100000000)
  to   space 176128K, 0% used [0x00000000ea800000,0x00000000ea800000,0x00000000f5400000)
 ParOldGen       total 1398272K, used 1398271K [0x0000000080000000, 0x00000000d5580000, 0x00000000d5580000)
  object space 1398272K, 99% used [0x0000000080000000,0x00000000d557ffc8,0x00000000d5580000)
 Metaspace       used 71764K, capacity 74490K, committed 75352K, reserved 1116160K
  class space    used 8701K, capacity 9176K, committed 9344K, reserved 1048576K
GC Heap History (10 events):
Event: 196.818 GC heap before
{Heap before GC invocations=318 (full 249):
 PSYoungGen      total 475136K, used 346624K [0x00000000d5580000, 0x0000000100000000, 0x0000000100000000)
  eden space 346624K, 100% used [0x00000000d5580000,0x00000000ea800000,0x00000000ea800000)
  from space 128512K, 0% used [0x00000000f8280000,0x00000000f8280000,0x0000000100000000)
  to   space 176128K, 0% used [0x00000000ea800000,0x00000000ea800000,0x00000000f5400000)
 ParOldGen       total 1398272K, used 1398272K [0x0000000080000000, 0x00000000d5580000, 0x00000000d5580000)
  object space 1398272K, 100% used [0x0000000080000000,0x00000000d5580000,0x00000000d5580000)
 Metaspace       used 71761K, capacity 74490K, committed 75352K, reserved 1116160K
  class space    used 8701K, capacity 9176K, committed 9344K, reserved 1048576K
Event: 197.413 GC heap after
Heap after GC invocations=318 (full 249):
 PSYoungGen      total 475136K, used 346624K [0x00000000d5580000, 0x0000000100000000, 0x0000000100000000)
  eden space 346624K, 100% used [0x00000000d5580000,0x00000000ea800000,0x00000000ea800000)
  from space 128512K, 0% used [0x00000000f8280000,0x00000000f8280000,0x0000000100000000)
  to   space 176128K, 0% used [0x00000000ea800000,0x00000000ea800000,0x00000000f5400000)
 ParOldGen       total 1398272K, used 1398272K [0x0000000080000000, 0x00000000d5580000, 0x00000000d5580000)
  object space 1398272K, 100% used [0x0000000080000000,0x00000000d5580000,0x00000000d5580000)
 Metaspace       used 71761K, capacity 74490K, committed 75352K, reserved 1116160K
  class space    used 8701K, capacity 9176K, committed 9344K, reserved 1048576K
}
Event: 197.413 GC heap before
{Heap before GC invocations=319 (full 250):
 PSYoungGen      total 475136K, used 346624K [0x00000000d5580000, 0x0000000100000000, 0x0000000100000000)
  eden space 346624K, 100% used [0x00000000d5580000,0x00000000ea800000,0x00000000ea800000)
  from space 128512K, 0% used [0x00000000f8280000,0x00000000f8280000,0x0000000100000000)
  to   space 176128K, 0% used [0x00000000ea800000,0x00000000ea800000,0x00000000f5400000)
 ParOldGen       total 1398272K, used 1398272K [0x0000000080000000, 0x00000000d5580000, 0x00000000d5580000)
  object space 1398272K, 100% used [0x0000000080000000,0x00000000d5580000,0x00000000d5580000)
 Metaspace       used 71761K, capacity 74490K, committed 75352K, reserved 1116160K
  class space    used 8701K, capacity 9176K, committed 9344K, reserved 1048576K
Event: 198.000 GC heap after
Heap after GC invocations=319 (full 250):
 PSYoungGen      total 475136K, used 346624K [0x00000000d5580000, 0x0000000100000000, 0x0000000100000000)
  eden space 346624K, 100% used [0x00000000d5580000,0x00000000ea800000,0x00000000ea800000)
  from space 128512K, 0% used [0x00000000f8280000,0x00000000f8280000,0x0000000100000000)
  to   space 176128K, 0% used [0x00000000ea800000,0x00000000ea800000,0x00000000f5400000)
 ParOldGen       total 1398272K, used 1398272K [0x0000000080000000, 0x00000000d5580000, 0x00000000d5580000)
  object space 1398272K, 100% used [0x0000000080000000,0x00000000d5580000,0x00000000d5580000)
 Metaspace       used 71761K, capacity 74490K, committed 75352K, reserved 1116160K
  class space    used 8701K, capacity 9176K, committed 9344K, reserved 1048576K
}
Event: 198.000 GC heap before
{Heap before GC invocations=320 (full 251):
 PSYoungGen      total 475136K, used 346624K [0x00000000d5580000, 0x0000000100000000, 0x0000000100000000)
  eden space 346624K, 100% used [0x00000000d5580000,0x00000000ea800000,0x00000000ea800000)
  from space 128512K, 0% used [0x00000000f8280000,0x00000000f8280000,0x0000000100000000)
  to   space 176128K, 0% used [0x00000000ea800000,0x00000000ea800000,0x00000000f5400000)
 ParOldGen       total 1398272K, used 1398272K [0x0000000080000000, 0x00000000d5580000, 0x00000000d5580000)
  object space 1398272K, 100% used [0x0000000080000000,0x00000000d5580000,0x00000000d5580000)
 Metaspace       used 71763K, capacity 74490K, committed 75352K, reserved 1116160K
  class space    used 8701K, capacity 9176K, committed 9344K, reserved 1048576K
Event: 198.581 GC heap after
Heap after GC invocations=320 (full 251):
 PSYoungGen      total 475136K, used 346623K [0x00000000d5580000, 0x0000000100000000, 0x0000000100000000)
  eden space 346624K, 99% used [0x00000000d5580000,0x00000000ea7fff08,0x00000000ea800000)
  from space 128512K, 0% used [0x00000000f8280000,0x00000000f8280000,0x0000000100000000)
  to   space 176128K, 0% used [0x00000000ea800000,0x00000000ea800000,0x00000000f5400000)
 ParOldGen       total 1398272K, used 1398268K [0x0000000080000000, 0x00000000d5580000, 0x00000000d5580000)
  object space 1398272K, 99% used [0x0000000080000000,0x00000000d557f0b0,0x00000000d5580000)
 Metaspace       used 71763K, capacity 74490K, committed 75352K, reserved 1116160K
  class space    used 8701K, capacity 9176K, committed 9344K, reserved 1048576K
}
Event: 198.591 GC heap before
{Heap before GC invocations=321 (full 252):
 PSYoungGen      total 475136K, used 346624K [0x00000000d5580000, 0x0000000100000000, 0x0000000100000000)
  eden space 346624K, 100% used [0x00000000d5580000,0x00000000ea800000,0x00000000ea800000)
  from space 128512K, 0% used [0x00000000f8280000,0x00000000f8280000,0x0000000100000000)
  to   space 176128K, 0% used [0x00000000ea800000,0x00000000ea800000,0x00000000f5400000)
 ParOldGen       total 1398272K, used 1398268K [0x0000000080000000, 0x00000000d5580000, 0x00000000d5580000)
  object space 1398272K, 99% used [0x0000000080000000,0x00000000d557f0b0,0x00000000d5580000)
 Metaspace       used 71763K, capacity 74490K, committed 75352K, reserved 1116160K
  class space    used 8701K, capacity 9176K, committed 9344K, reserved 1048576K
Event: 199.171 GC heap after
Heap after GC invocations=321 (full 252):
 PSYoungGen      total 475136K, used 346623K [0x00000000d5580000, 0x0000000100000000, 0x0000000100000000)
  eden space 346624K, 99% used [0x00000000d5580000,0x00000000ea7fff90,0x00000000ea800000)
  from space 128512K, 0% used [0x00000000f8280000,0x00000000f8280000,0x0000000100000000)
  to   space 176128K, 0% used [0x00000000ea800000,0x00000000ea800000,0x00000000f5400000)
 ParOldGen       total 1398272K, used 1398268K [0x0000000080000000, 0x00000000d5580000, 0x00000000d5580000)
  object space 1398272K, 99% used [0x0000000080000000,0x00000000d557f0b0,0x00000000d5580000)
 Metaspace       used 71763K, capacity 74490K, committed 75352K, reserved 1116160K
  class space    used 8701K, capacity 9176K, committed 9344K, reserved 1048576K
}
Event: 199.172 GC heap before
{Heap before GC invocations=322 (full 253):
 PSYoungGen      total 475136K, used 346623K [0x00000000d5580000, 0x0000000100000000, 0x0000000100000000)
  eden space 346624K, 99% used [0x00000000d5580000,0x00000000ea7ffff8,0x00000000ea800000)
  from space 128512K, 0% used [0x00000000f8280000,0x00000000f8280000,0x0000000100000000)
  to   space 176128K, 0% used [0x00000000ea800000,0x00000000ea800000,0x00000000f5400000)
 ParOldGen       total 1398272K, used 1398268K [0x0000000080000000, 0x00000000d5580000, 0x00000000d5580000)
  object space 1398272K, 99% used [0x0000000080000000,0x00000000d557f0b0,0x00000000d5580000)
 Metaspace       used 71763K, capacity 74490K, committed 75352K, reserved 1116160K
  class space    used 8701K, capacity 9176K, committed 9344K, reserved 1048576K
Event: 199.752 GC heap after
Heap after GC invocations=322 (full 253):
 PSYoungGen      total 475136K, used 346623K [0x00000000d5580000, 0x0000000100000000, 0x0000000100000000)
  eden space 346624K, 99% used [0x00000000d5580000,0x00000000ea7fffe8,0x00000000ea800000)
  from space 128512K, 0% used [0x00000000f8280000,0x00000000f8280000,0x0000000100000000)
  to   space 176128K, 0% used [0x00000000ea800000,0x00000000ea800000,0x00000000f5400000)
 ParOldGen       total 1398272K, used 1398268K [0x0000000080000000, 0x00000000d5580000, 0x00000000d5580000)
  object space 1398272K, 99% used [0x0000000080000000,0x00000000d557f0b0,0x00000000d5580000)
 Metaspace       used 71763K, capacity 74490K, committed 75352K, reserved 1116160K
  class space    used 8701K, capacity 9176K, committed 9344K, reserved 1048576K
}

